<?xml version="1.0" encoding="UTF-8"?>
<!-- Generated by org.testng.reporters.JUnitXMLReporter -->
<testsuite hostname="DESKTOP-OB1OE1J" ignored="1" name="Default test" tests="1" failures="0" timestamp="2022-09-12T08:27:07 IST" time="49.638" errors="0">
  <testcase name="SignUp_ValidData" time="30.426" classname="com.nitara.AccountManagement.SignUp"/>
  <testcase name="setupAccount" time="0.0" classname="com.nitara.AccountManagement.SignUp">
    <ignored/>
  </testcase> <!-- setupAccount -->
</testsuite> <!-- Default test -->
